<?xml version="1.0" encoding="UTF-8"?>
<!-- Generated by org.testng.reporters.JUnitXMLReporter -->
<testsuite hostname="Vladimir-PK" ignored="0" name="order" tests="6" failures="0" timestamp="02 июн 2018 12:40:51 GMT" time="0.064" errors="0">
  <testcase name="nativeAppAndroid" time="0.008" classname="tests.AppiumTest"/>
  <testcase name="nativeAppiOS" time="0.0" classname="tests.AppiumTest"/>
  <testcase name="deleteTweet" time="0.0" classname="tests.RESTAPITest"/>
  <testcase name="postJIRAdefectTest" time="0.0" classname="tests.RESTAPITest"/>
  <testcase name="browserUIAutomation" time="0.0" classname="tests.SeleniumTest"/>
  <testcase name="elementsUIAutomation" time="0.0" classname="tests.SeleniumTest"/>
</testsuite> <!-- order -->
