<?xml version="1.0" encoding="UTF-8"?>
<testng-results skipped="0" failed="0" ignored="0" total="6" passed="6">
  <reporter-output>
  </reporter-output>
  <suite name="TestAll" duration-ms="64" started-at="2018-06-02T12:40:51Z" finished-at="2018-06-02T12:40:51Z">
    <groups>
    </groups>
    <test name="order" duration-ms="64" started-at="2018-06-02T12:40:51Z" finished-at="2018-06-02T12:40:51Z">
      <class name="tests.SeleniumTest">
        <test-method status="PASS" signature="browserUIAutomation()[pri:0, instance:tests.SeleniumTest@7ca48474]" name="browserUIAutomation" duration-ms="0" started-at="2018-06-02T12:40:51Z" finished-at="2018-06-02T12:40:51Z">
          <reporter-output>
          </reporter-output>
        </test-method> <!-- browserUIAutomation -->
        <test-method status="PASS" signature="elementsUIAutomation()[pri:0, instance:tests.SeleniumTest@7ca48474]" name="elementsUIAutomation" duration-ms="0" started-at="2018-06-02T12:40:51Z" finished-at="2018-06-02T12:40:51Z">
          <reporter-output>
          </reporter-output>
        </test-method> <!-- elementsUIAutomation -->
      </class> <!-- tests.SeleniumTest -->
      <class name="tests.AppiumTest">
        <test-method status="PASS" signature="nativeAppAndroid()[pri:0, instance:tests.AppiumTest@69d9c55]" name="nativeAppAndroid" duration-ms="8" started-at="2018-06-02T12:40:51Z" finished-at="2018-06-02T12:40:51Z">
          <reporter-output>
          </reporter-output>
        </test-method> <!-- nativeAppAndroid -->
        <test-method status="PASS" signature="nativeAppiOS()[pri:0, instance:tests.AppiumTest@69d9c55]" name="nativeAppiOS" duration-ms="0" started-at="2018-06-02T12:40:51Z" finished-at="2018-06-02T12:40:51Z">
          <reporter-output>
          </reporter-output>
        </test-method> <!-- nativeAppiOS -->
      </class> <!-- tests.AppiumTest -->
      <class name="tests.RESTAPITest">
        <test-method status="PASS" signature="deleteTweet()[pri:0, instance:tests.RESTAPITest@13a57a3b]" name="deleteTweet" duration-ms="0" started-at="2018-06-02T12:40:51Z" finished-at="2018-06-02T12:40:51Z">
          <reporter-output>
          </reporter-output>
        </test-method> <!-- deleteTweet -->
        <test-method status="PASS" signature="postJIRAdefectTest()[pri:0, instance:tests.RESTAPITest@13a57a3b]" name="postJIRAdefectTest" duration-ms="0" started-at="2018-06-02T12:40:51Z" finished-at="2018-06-02T12:40:51Z">
          <reporter-output>
          </reporter-output>
        </test-method> <!-- postJIRAdefectTest -->
      </class> <!-- tests.RESTAPITest -->
    </test> <!-- order -->
  </suite> <!-- TestAll -->
</testng-results>
